# SSL/TLS secrets log file, generated by NSS
CLIENT_RANDOM 5000d5e9ab2adffdc1697972ea5cde6f3e462caeb5d10ce212bee9c6da69a1e1 a5dabc26bc5d3d42262676a6ce45da141917870ebf4cc4122a30d8af0fc6107600d2243b0d14fc7f68dfad5313aa1367
CLIENT_RANDOM afa1d84370c28609b670fff53146fd3a4f8b261c08afbe38e21704ec10527c94 999b892438db9401b6ab27644aa158ef9f7580ef0f8a9789683df144c75e9ac5ee0a46cc3b253e3777de98f8a3b775db
CLIENT_HANDSHAKE_TRAFFIC_SECRET 7b413cd1139bd16b46cbbd38423cb29afffed4bdfc313f3864e6edf90847a83b 7afb7920458622851b9676d7655adbc39a4bdf8e11b32cb77a388c1ca0d89d34
SERVER_HANDSHAKE_TRAFFIC_SECRET 7b413cd1139bd16b46cbbd38423cb29afffed4bdfc313f3864e6edf90847a83b 9c63122b9fe7b55215e1c90625306073dbd11fa29dcddcf0c6cd59482d52fb9b
CLIENT_TRAFFIC_SECRET_0 7b413cd1139bd16b46cbbd38423cb29afffed4bdfc313f3864e6edf90847a83b 3694c4611d98bffc728818ebd029aa9a245209b3993aadc2b87ac1bc2b8acf06
SERVER_TRAFFIC_SECRET_0 7b413cd1139bd16b46cbbd38423cb29afffed4bdfc313f3864e6edf90847a83b a7c93284d08eec693464505924d44626a21b4936eaee512556eb628a693ac34d
EXPORTER_SECRET 7b413cd1139bd16b46cbbd38423cb29afffed4bdfc313f3864e6edf90847a83b eebdf426d4d134a391e9c9eae942806d359aa0fdc2615ff662c50739454f3030
CLIENT_RANDOM 2b3226edeee10d544c3fe7737acb6b7c66635ccbb8b208664d682a2a355f8404 82173005efb1025ce788973dcf14a9a74ba9d72f1f5e887cf152703824dcebc0e867a42b8b62c313b81acda670ad1730
CLIENT_HANDSHAKE_TRAFFIC_SECRET 05c9563c3171eacdf6f4158d08fe701cfb2dbce019c1cbcc5ea971fb723ea58b 0a8575167e9d95fd267d7ecd97e2dcf7eb668b91a2ecd41519b71ad4e59a438a
SERVER_HANDSHAKE_TRAFFIC_SECRET 05c9563c3171eacdf6f4158d08fe701cfb2dbce019c1cbcc5ea971fb723ea58b df90e68c8aaccd8bc5ead3a337c7419d4a47ba49f80c4dc506c6103867f816d4
CLIENT_TRAFFIC_SECRET_0 05c9563c3171eacdf6f4158d08fe701cfb2dbce019c1cbcc5ea971fb723ea58b 32754de6f822cb43c21d95f45100fb35a239816ef6bb557771fd172fef511d1b
SERVER_TRAFFIC_SECRET_0 05c9563c3171eacdf6f4158d08fe701cfb2dbce019c1cbcc5ea971fb723ea58b 6ec16e5604d84712d1c27d8c742dea3e5cf97f36aa28e84523309c6e07bb4fb6
EXPORTER_SECRET 05c9563c3171eacdf6f4158d08fe701cfb2dbce019c1cbcc5ea971fb723ea58b 4f2f08b20c514c8970288b506771802b3ea73568ac9c89653dfbe650358da0ba
CLIENT_HANDSHAKE_TRAFFIC_SECRET ed9bb53de6db9d2889f598b771b6e655e1e11c46c535ee70849996d5787b1900 5f52c41d1eccab434f854dc2fd46e401b10253ddcb051323e8ff63f909b4ea98
SERVER_HANDSHAKE_TRAFFIC_SECRET ed9bb53de6db9d2889f598b771b6e655e1e11c46c535ee70849996d5787b1900 0eac51c81a0c0432379863caf67a4ceaa8a29ee8860a042a8a2c0a9977452738
CLIENT_HANDSHAKE_TRAFFIC_SECRET 1505024af0f618240be286b1a82236cb70ba5eb83ce0613b43b84c502e3f41ec 2b83a611049548e751f5f385ab84238dce0f236073b357e42be0fef2be2d923a
SERVER_HANDSHAKE_TRAFFIC_SECRET 1505024af0f618240be286b1a82236cb70ba5eb83ce0613b43b84c502e3f41ec 8c0792c51508200c5f6c20f92a7d9102cbc0d0f349a1d83390f014c0d28dd2e5
CLIENT_HANDSHAKE_TRAFFIC_SECRET 2e1fa346e1900418d8ee2f0f6fb4c63083f6fddf45a742d77f4e7fd1669d0047 253f123317370eed056c6989f7fc50b4cee0fcd0ec7b639d09bf3c193dda873d
SERVER_HANDSHAKE_TRAFFIC_SECRET 2e1fa346e1900418d8ee2f0f6fb4c63083f6fddf45a742d77f4e7fd1669d0047 83941336b5db9a5be26b000f6618f5a1d8c1c1271a76b36fe2f4b73602911f33
CLIENT_HANDSHAKE_TRAFFIC_SECRET 50b0809ac15a78696b3f0c4d87e706f5cf78160e6bca4b660e27d519101c35e6 a88591af4af33644a41f448e16dc480320419c7d309adf229ce9db2893c8d589
SERVER_HANDSHAKE_TRAFFIC_SECRET 50b0809ac15a78696b3f0c4d87e706f5cf78160e6bca4b660e27d519101c35e6 4de7081ba2ed40f82fa598026eb7435ca1a4a5b753a3216347e2e93eaf574b91
CLIENT_HANDSHAKE_TRAFFIC_SECRET 967a41f51bbb0785ccc8e9c7b00f1482b23688eacb04bee8b156faac32b97fba 50fe3cf0cd9e9eaf372214a4c5f13c3d1a77220653e4fe9349fec6a886974ec3
SERVER_HANDSHAKE_TRAFFIC_SECRET 967a41f51bbb0785ccc8e9c7b00f1482b23688eacb04bee8b156faac32b97fba 06c98f77d1a9844bc7bac1964fe5c1b4f1dba5721af84bfbfb9e19685c09b323
CLIENT_TRAFFIC_SECRET_0 ed9bb53de6db9d2889f598b771b6e655e1e11c46c535ee70849996d5787b1900 760baf0c65ce076520aa8cce5cbf9163e0169d78471d869652063049d28ca911
SERVER_TRAFFIC_SECRET_0 ed9bb53de6db9d2889f598b771b6e655e1e11c46c535ee70849996d5787b1900 260ac23a4854c3d64563f391945871f77fc021bdfdc9d2ede4f6d3c43f5c7fef
EXPORTER_SECRET ed9bb53de6db9d2889f598b771b6e655e1e11c46c535ee70849996d5787b1900 a1f83620544aa126af6fe1f063244af8567235138e8fbd79249c0cefccc0bd91
CLIENT_TRAFFIC_SECRET_0 2e1fa346e1900418d8ee2f0f6fb4c63083f6fddf45a742d77f4e7fd1669d0047 e1d0a39a6bfe5629c51f41b65acf22f2b9ab4aeda1886fba43a3c749e19fb729
SERVER_TRAFFIC_SECRET_0 2e1fa346e1900418d8ee2f0f6fb4c63083f6fddf45a742d77f4e7fd1669d0047 b7c9477d54bd6b172f4713efcc31ccdd98ca9fe1b77e7aba87db1c364ee27761
EXPORTER_SECRET 2e1fa346e1900418d8ee2f0f6fb4c63083f6fddf45a742d77f4e7fd1669d0047 a2111da793035b8b91c3802380aaac57d30d502fffbb498e0bb87c1eccfb6da5
CLIENT_TRAFFIC_SECRET_0 50b0809ac15a78696b3f0c4d87e706f5cf78160e6bca4b660e27d519101c35e6 0b650427319ece34ec637eaaa1e0447790fa10714bd480d3931ed4821a3542a8
SERVER_TRAFFIC_SECRET_0 50b0809ac15a78696b3f0c4d87e706f5cf78160e6bca4b660e27d519101c35e6 93f04d19fe3a9113a290594f1be99fc7e5fb5367ec5f2d565feaf4ec218d243a
EXPORTER_SECRET 50b0809ac15a78696b3f0c4d87e706f5cf78160e6bca4b660e27d519101c35e6 e07e6ca8aff7bcbf658142a5ae815d5e8c6bdaf17993428fb74dd2a48aeeee51
CLIENT_TRAFFIC_SECRET_0 1505024af0f618240be286b1a82236cb70ba5eb83ce0613b43b84c502e3f41ec beb3fe26643ebb57cdf7d94640fc4992fa64beaf6a5280886ca98f36524648f1
SERVER_TRAFFIC_SECRET_0 1505024af0f618240be286b1a82236cb70ba5eb83ce0613b43b84c502e3f41ec ee7fe9ccbe4e21c3b3c82387dfbe86e71c4e9bf9a31acdd62137fdc36ba61a4c
EXPORTER_SECRET 1505024af0f618240be286b1a82236cb70ba5eb83ce0613b43b84c502e3f41ec 7a5039f25ded97cb49482c470493a0edf5180d2427c37facdc5378acf88426c8
CLIENT_TRAFFIC_SECRET_0 967a41f51bbb0785ccc8e9c7b00f1482b23688eacb04bee8b156faac32b97fba 7f298e85a51b7fdabe2bcba58ec65af873c6da63134c08b371e0f0ed9fa2201e
SERVER_TRAFFIC_SECRET_0 967a41f51bbb0785ccc8e9c7b00f1482b23688eacb04bee8b156faac32b97fba d42b3311b8d092d3577479c1f4ebbb9af4a1bb7bbb6861d8388ef4b240575834
EXPORTER_SECRET 967a41f51bbb0785ccc8e9c7b00f1482b23688eacb04bee8b156faac32b97fba c8c99873c642beed6f68841830020f24060d05d6c947f83c0572a0444c108aaa
CLIENT_HANDSHAKE_TRAFFIC_SECRET 4008b794f87639033117573c3c7a40bf8c08b384fe2c85c78fa0af0cda233592 60121448ed518c75c45f616cdbbd1d83c2c9ec5a589c0e6c1b774f445f7db7c8
SERVER_HANDSHAKE_TRAFFIC_SECRET 4008b794f87639033117573c3c7a40bf8c08b384fe2c85c78fa0af0cda233592 9725e0475d326dbcb32e84bc374cfc5c8422e6673fb2a48d05c2628615ebe5d7
CLIENT_TRAFFIC_SECRET_0 4008b794f87639033117573c3c7a40bf8c08b384fe2c85c78fa0af0cda233592 d15e9e051d0d30294ba5ff28845aae2d818bbe72323efddc426012d3899c0088
SERVER_TRAFFIC_SECRET_0 4008b794f87639033117573c3c7a40bf8c08b384fe2c85c78fa0af0cda233592 62a782ae0dae23d98e679e5b54ca12d5b779f9e8fab9cb402681ed838d2192f3
EXPORTER_SECRET 4008b794f87639033117573c3c7a40bf8c08b384fe2c85c78fa0af0cda233592 2095a699a21be4d49b1fa5ddfb70b98a356a089972c6bac278f9d13137d0ae35
CLIENT_HANDSHAKE_TRAFFIC_SECRET 7520508fe35a8553ef1f3207082f2b6d749ff74265dae02b129802de04ec94a2 a2d2eabd867150c94590ec92b773bb4ab6d508dd0653b3f921e50c5aacb2bbfb
SERVER_HANDSHAKE_TRAFFIC_SECRET 7520508fe35a8553ef1f3207082f2b6d749ff74265dae02b129802de04ec94a2 8b1f83b86e7aff5e15fcb5c82cf09d1611f48b3f453baeb419fe36a50ea2bce7
CLIENT_TRAFFIC_SECRET_0 7520508fe35a8553ef1f3207082f2b6d749ff74265dae02b129802de04ec94a2 5211280320f09e47d4bc87cbcaa2f5137ed7d484945435b53bed6a1f480c64c5
SERVER_TRAFFIC_SECRET_0 7520508fe35a8553ef1f3207082f2b6d749ff74265dae02b129802de04ec94a2 8e0a80703cdc69aa32253cc1c1baa9570a145317c81aec129392cc28bc381c95
EXPORTER_SECRET 7520508fe35a8553ef1f3207082f2b6d749ff74265dae02b129802de04ec94a2 3457778da99e474531f821acf1da993ff5c00ab0b3e0ccc1a5d76879ff71e66a
CLIENT_HANDSHAKE_TRAFFIC_SECRET eca553f7367c8ae80b2ac7c9595feca404aef9b413131efc2940b030c4ed6065 9e34bc82b34ecd44c8d19c22c7bc7b28d7f594d2435cc0f17d96e4a8af5eb595
SERVER_HANDSHAKE_TRAFFIC_SECRET eca553f7367c8ae80b2ac7c9595feca404aef9b413131efc2940b030c4ed6065 94fa6c4825e54444cc789a191d693583b704bd1fafb45a80b6a28dc6a4390527
CLIENT_TRAFFIC_SECRET_0 eca553f7367c8ae80b2ac7c9595feca404aef9b413131efc2940b030c4ed6065 4602139e4821c8de327170ed2603cf8b94c2cc5635459dfeab9d4dcfb8aaa0e3
SERVER_TRAFFIC_SECRET_0 eca553f7367c8ae80b2ac7c9595feca404aef9b413131efc2940b030c4ed6065 278c43cdadacbcf2c0ae56f3a49d4ae052cd71ce1fa9d36cc8190600d24934b5
EXPORTER_SECRET eca553f7367c8ae80b2ac7c9595feca404aef9b413131efc2940b030c4ed6065 71bd91201585381ace305a7477999f4e70a644f525fb854a0c9aa359fda69f9c
CLIENT_HANDSHAKE_TRAFFIC_SECRET 7ed49cbf947774cd1ec9198a29ca2d9dabe053dfc699a291ce71ec17446394b2 bc0a4ab2a6c010999f7d6e39599aa84c6713a8a3b6761f843d962a452e629214
SERVER_HANDSHAKE_TRAFFIC_SECRET 7ed49cbf947774cd1ec9198a29ca2d9dabe053dfc699a291ce71ec17446394b2 6174f5726d44ab9cdb8f76bcf03c3bccb678249e411cc0fa06264525b14ec624
CLIENT_TRAFFIC_SECRET_0 7ed49cbf947774cd1ec9198a29ca2d9dabe053dfc699a291ce71ec17446394b2 5c510ca50f83ca15608aade8ce1862dfadced33e8dfffcc8266c4b85af1ca5d0
SERVER_TRAFFIC_SECRET_0 7ed49cbf947774cd1ec9198a29ca2d9dabe053dfc699a291ce71ec17446394b2 48be913a009836f975ca21f0fd1073797da4b351da803e07bf8136023043de1c
EXPORTER_SECRET 7ed49cbf947774cd1ec9198a29ca2d9dabe053dfc699a291ce71ec17446394b2 90878af3188f30c2e2184fd7095c2510ad518ba1eaecb4b01e41dc4d833dbf83
CLIENT_HANDSHAKE_TRAFFIC_SECRET 6f6431da7477752dd272b42d40b6eecce3645dc313c4f20561593ab0c1bb2e65 22b4f53e10f956bfe02c1639655dd91f40f56112940ca442912649b5888d41b2da8c23d38de4178025e0ed3ec719d1ac
SERVER_HANDSHAKE_TRAFFIC_SECRET 6f6431da7477752dd272b42d40b6eecce3645dc313c4f20561593ab0c1bb2e65 edb0446dbc5e1df2b4bbd42750b50519397a6c89aada24aff4633c493edfd1e68a656ca21eea22f2fc2115a42ce23c25
CLIENT_HANDSHAKE_TRAFFIC_SECRET 5099924f35bec626b15080996c8878d5da63d62d23f08d705ebd6fe2a17c6a7b 5ee18792f9fa82b7ca57e093914c608f144d8594e778bcff8197d2992a47c76179b964895165a220473b2d44eea9bcaf
SERVER_HANDSHAKE_TRAFFIC_SECRET 5099924f35bec626b15080996c8878d5da63d62d23f08d705ebd6fe2a17c6a7b 570886fdc163802680729b656edaff5ac6e45f316026ad0e665b0b4b281edff1ffecfcfaed871caa7eeb181287dd2307
CLIENT_HANDSHAKE_TRAFFIC_SECRET 88c3e6ccfb1a4af444f69a379ffbcfdadba98d107d2caf0567631cac35ec19ef b6804b524db8af4cfd15e1fe0a5877ac5c75b0b3e8c0d572434ac555f8a8906e29552386dbb42b243fa03da331b557ed
SERVER_HANDSHAKE_TRAFFIC_SECRET 88c3e6ccfb1a4af444f69a379ffbcfdadba98d107d2caf0567631cac35ec19ef ba3a1181e2df4cd5dd85da7ed106720fd49d6dd33f7c85db82195f6b897f5bbd831a44ed0df0d4bf255ad4a4546d4d73
CLIENT_HANDSHAKE_TRAFFIC_SECRET afe9d9ab7fea199df4995eeff397b04baf623090b0e94242140c6671357da086 1b87fb4ff6947cd0f61d0dde4cacb00fc25d671229be28589318d3719c1e34aa
SERVER_HANDSHAKE_TRAFFIC_SECRET afe9d9ab7fea199df4995eeff397b04baf623090b0e94242140c6671357da086 0a33f7412ce3d9826ce856aa9b4b0ad2f667ef022b85a3f4a2dab724feba028c
CLIENT_HANDSHAKE_TRAFFIC_SECRET fc16d5a7930bd466bed8abd559a5096b798c4e08bfcb4be1dc2a06b7ab36c802 1a20360b04d7e213f43b55ad309a2437ebd74ec1f15ec6242cf62a54bcdaacfa42158ec62fbde7da9e40643d5a5ff8a4
SERVER_HANDSHAKE_TRAFFIC_SECRET fc16d5a7930bd466bed8abd559a5096b798c4e08bfcb4be1dc2a06b7ab36c802 7d62e4ef141dd20e4f000483f118841c7c31be09762c7c49c21219e0fd62261ecb576e98cc8b5f5e93b337632312127f
CLIENT_TRAFFIC_SECRET_0 afe9d9ab7fea199df4995eeff397b04baf623090b0e94242140c6671357da086 238c13acd8324b3c94d4a5129c1db96e26f148a7cc50f32ce4458db00d87131f
SERVER_TRAFFIC_SECRET_0 afe9d9ab7fea199df4995eeff397b04baf623090b0e94242140c6671357da086 02a0bf6dc1fa8a8a58321144de74a1b740c5f6df4b33b46fc3df0395b95520cf
EXPORTER_SECRET afe9d9ab7fea199df4995eeff397b04baf623090b0e94242140c6671357da086 97cde3a040b2b9611585ec683dc932d1e9e494590697e20f64944614ba59b12e
CLIENT_RANDOM ad6d30c45e198195a11063bbf9c347a1105ec1007dbf15586bfaabd420c3bcdf 0d0b73044c13020856c09dd3d4ad2a74a3da5d047db86ddc838a18ff02bb467c057aa40ebfb3e444b387eaf8005fc690
SERVER_HANDSHAKE_TRAFFIC_SECRET ebd7a12f2c217dc10d6e0a9e2e5f070a76ce50c347ab2b515696a4da0f9058bf cf6a858db98802b201ad7e6700e76fa2e41eaf1cbf3890ccfc00638fa49dd2f9e7b1861a2d29d77c8b3e042fbaaafc5f
EXPORTER_SECRET ebd7a12f2c217dc10d6e0a9e2e5f070a76ce50c347ab2b515696a4da0f9058bf 60750b0c2f06b6d38f0625cf724d9ac1f03c20acf5a2ad94386a8e055677ae390129280ffa6e3d55607a337ae0bc4b2e
SERVER_TRAFFIC_SECRET_0 ebd7a12f2c217dc10d6e0a9e2e5f070a76ce50c347ab2b515696a4da0f9058bf b31d262dd7ad0697bfe16e69b748934a30b1ccb03f633459abc65a0acc9743fcf157abb4256e7f0a042debf61218adcc
CLIENT_HANDSHAKE_TRAFFIC_SECRET ebd7a12f2c217dc10d6e0a9e2e5f070a76ce50c347ab2b515696a4da0f9058bf 6c9a49d0244f4831a1845b6f2034039a233edd71580e15523a5ee9f646310860d444e44a478f3a710de5a0679248003f
CLIENT_TRAFFIC_SECRET_0 ebd7a12f2c217dc10d6e0a9e2e5f070a76ce50c347ab2b515696a4da0f9058bf 5ae5736cf64f95ab78416752123ca892461fbb91ac805191f6aa219a3123d6499de6a6dabef15b3784f88d48f3b22175
SERVER_HANDSHAKE_TRAFFIC_SECRET 7b51c14a4171851720d4d011c23e27f3d5384792119310894d0a53959cd55116 7b9f99edc46042770e9039b6d7b29726a8308f6a18523c43b1537ec1fef5be8cd028496d3ec02623d940a3be4e3a02b8
EXPORTER_SECRET 7b51c14a4171851720d4d011c23e27f3d5384792119310894d0a53959cd55116 9a1ab268f0d6249b05f8fc0e63a8696f9d42c4a9686f349e61b51f57bc07a5cb7c88b4e893e1ba95381e7db8761507d4
SERVER_TRAFFIC_SECRET_0 7b51c14a4171851720d4d011c23e27f3d5384792119310894d0a53959cd55116 0645e2481ca0fcb8b901daef26a198a911dec42d12902d44c44d8a3e812cccf0380155128d204389c49d6589822692ad
CLIENT_HANDSHAKE_TRAFFIC_SECRET 7b51c14a4171851720d4d011c23e27f3d5384792119310894d0a53959cd55116 b34311d397ec8450404759d2f8166fad5659ad8d887de742ebadb33b5415ed625a05938e5bc52535df8454d5122176ff
CLIENT_TRAFFIC_SECRET_0 7b51c14a4171851720d4d011c23e27f3d5384792119310894d0a53959cd55116 106bb73a03b2a35abbe8775df3797813510dd2021a23b5d6011e46f8ef985261bdc1d56a01c9ec119b98ed8d999acc71
